<?xml version="1.0" encoding="UTF-8"?>
<!-- Generated by org.testng.reporters.JUnitReportReporter -->
<testsuite hostname="DESKTOP-8A44VM7" failures="0" tests="1" name="com.practice.ClassTest" time="0.008" errors="0" timestamp="2022-07-20T17:06:52 IST" skipped="0">
  <testcase classname="com.practice.ClassTest" name="clssTest" time="0.008"/>
  <system-out>
    <![CDATA[test1
test2
test3
test4]]>
  </system-out>
</testsuite> <!-- com.practice.ClassTest -->
