<?xml version="1.0" encoding="UTF-8"?>
<!-- Generated by org.testng.reporters.JUnitReportReporter -->
<testsuite hostname="DESKTOP-8A44VM7" failures="0" tests="1" name="com.practice.ClassTest" time="0.009" errors="0" timestamp="2022-07-21T21:55:10 IST" skipped="0">
  <testcase classname="com.practice.ClassTest" name="clssTest" time="0.009"/>
  <system-out>
    <![CDATA[test1
test2
test3
test4
changes in sunb branch
changing using github edit
pushing code to orsigor]]>
  </system-out>
</testsuite> <!-- com.practice.ClassTest -->
